<?xml version="1.0" encoding="UTF-8"?>
<!-- Generated by org.testng.reporters.JUnitReportReporter -->
<testsuite hostname="LAPTOP-4UAC0B5R" failures="0" tests="1" name="com.eDermx.Test.PatientPageTest" time="64.539" errors="0" timestamp="2022-05-22T15:55:28 IST" skipped="0">
  <testcase classname="com.eDermx.Test.PatientPageTest" name="scheduleForAppointment" time="64.539"/>
  <system-out/>
</testsuite> <!-- com.eDermx.Test.PatientPageTest -->
