<?xml version="1.0" encoding="UTF-8"?>
<!-- Generated by org.testng.reporters.JUnitReportReporter -->
<testsuite skipped="0" hostname="DESKTOP-PK39URG" name="com.QStock.test.ExternalShipmentNotificationsPageTest" tests="1" failures="0" timestamp="2023-01-12T17:33:14 IST" time="41.329" errors="0">
  <testcase name="ExternalShipmentNotifications" time="41.329" classname="com.QStock.test.ExternalShipmentNotificationsPageTest"/>
  <system-out/>
</testsuite> <!-- com.QStock.test.ExternalShipmentNotificationsPageTest -->
