<?xml version="1.0" encoding="UTF-8"?>
<!-- Generated by org.testng.reporters.JUnitReportReporter -->
<testsuite hostname="LAPTOP-4UAC0B5R" failures="0" tests="7" name="com.eDermx.Test.EDermxEndToEnd" time="170.547" errors="0" timestamp="2022-05-23T20:08:17 IST" skipped="0">
  <testcase classname="com.eDermx.Test.EDermxEndToEnd" name="logInNegative" time="1.720"/>
  <system-out/>
  <testcase classname="com.eDermx.Test.EDermxEndToEnd" name="logInPositive" time="10.802"/>
  <system-out/>
  <testcase classname="com.eDermx.Test.EDermxEndToEnd" name="dashBoard" time="15.603"/>
  <system-out/>
  <testcase classname="com.eDermx.Test.EDermxEndToEnd" name="schedule" time="79.381"/>
  <system-out/>
  <testcase classname="com.eDermx.Test.EDermxEndToEnd" name="patient" time="32.319"/>
  <system-out/>
  <testcase classname="com.eDermx.Test.EDermxEndToEnd" name="Billing" time="27.015"/>
  <system-out/>
  <testcase classname="com.eDermx.Test.EDermxEndToEnd" name="logOut" time="3.707"/>
  <system-out/>
</testsuite> <!-- com.eDermx.Test.EDermxEndToEnd -->
