<?xml version="1.0" encoding="UTF-8"?>
<!-- Generated by org.testng.reporters.JUnitReportReporter -->
<testsuite hostname="LAPTOP-4UAC0B5R" failures="0" tests="1" name="com.eDermx.Test.SchedulePageTest" time="103.843" errors="0" timestamp="2022-05-20T17:10:11 IST" skipped="0">
  <testcase classname="com.eDermx.Test.SchedulePageTest" name="scheduleForAppointment" time="103.843"/>
  <system-out/>
</testsuite> <!-- com.eDermx.Test.SchedulePageTest -->
