<?xml version="1.0" encoding="UTF-8"?>
<!-- Generated by org.testng.reporters.JUnitReportReporter -->
<testsuite skipped="0" hostname="DESKTOP-PK39URG" name="com.QStock.test.IntegrationsShipStationPageTest" tests="1" failures="0" timestamp="2022-12-09T16:43:05 IST" time="25.194" errors="0">
  <testcase name="IntegrationsshipStation" time="25.194" classname="com.QStock.test.IntegrationsShipStationPageTest"/>
  <system-out/>
</testsuite> <!-- com.QStock.test.IntegrationsShipStationPageTest -->
