<?xml version="1.0" encoding="UTF-8"?>
<!-- Generated by org.testng.reporters.JUnitReportReporter -->
<testsuite hostname="Sam-Personal" failures="0" tests="1" name="com.vision.test.StorageTransactionPageTest" time="521.580" errors="0" timestamp="2022-10-17T20:36:35 IST" skipped="0">
  <testcase classname="com.vision.test.StorageTransactionPageTest" name="StorageTransaction" time="521.580"/>
  <system-out/>
</testsuite> <!-- com.vision.test.StorageTransactionPageTest -->
