<?xml version="1.0" encoding="UTF-8"?>
<!-- Generated by org.testng.reporters.JUnitReportReporter -->
<testsuite skipped="0" hostname="DESKTOP-PK39URG" name="com.QStock.test.IntegrationsServiceTitanPageTest" tests="1" failures="0" timestamp="2022-12-08T13:53:11 IST" time="22.083" errors="0">
  <testcase name="IntegrationsServiceTitanTest" time="22.083" classname="com.QStock.test.IntegrationsServiceTitanPageTest"/>
  <system-out/>
</testsuite> <!-- com.QStock.test.IntegrationsServiceTitanPageTest -->
