<?xml version="1.0" encoding="UTF-8"?>
<!-- Generated by org.testng.reporters.JUnitReportReporter -->
<testsuite hostname="DESKTOP-Q5LAQDP" failures="0" tests="1" name="com.Pathology.test.HomePageTest" time="27.008" errors="0" timestamp="2023-07-07T17:46:01 IST" skipped="0">
  <testcase classname="com.Pathology.test.HomePageTest" name="homePage" time="27.008"/>
  <system-out/>
</testsuite> <!-- com.Pathology.test.HomePageTest -->
