<?xml version="1.0" encoding="UTF-8"?>
<!-- Generated by org.testng.reporters.JUnitReportReporter -->
<testsuite skipped="0" hostname="DESKTOP-PK39URG" name="com.QStock.test.MagentoApiPageTest" tests="1" failures="0" timestamp="2022-12-08T13:53:11 IST" time="63.926" errors="0">
  <testcase name="fixedAssetReturns" time="63.926" classname="com.QStock.test.MagentoApiPageTest"/>
  <system-out/>
</testsuite> <!-- com.QStock.test.MagentoApiPageTest -->
