<?xml version="1.0" encoding="UTF-8"?>
<!-- Generated by org.testng.reporters.JUnitReportReporter -->
<testsuite skipped="0" hostname="DESKTOP-PK39URG" name="com.QStock.test.CompanyInfoPageTest" tests="1" failures="0" timestamp="2022-12-08T13:53:11 IST" time="4.384" errors="0">
  <testcase name="companyInfo" time="4.384" classname="com.QStock.test.CompanyInfoPageTest"/>
  <system-out/>
</testsuite> <!-- com.QStock.test.CompanyInfoPageTest -->
