<?xml version="1.0" encoding="UTF-8"?>
<!-- Generated by org.testng.reporters.JUnitReportReporter -->
<testsuite skipped="0" hostname="DESKTOP-PK39URG" name="com.QStock.test.ShortOrderReAllocationPageTest" tests="1" failures="0" timestamp="2022-12-09T12:50:28 IST" time="195.964" errors="0">
  <testcase name="ShortOrderReAllocation" time="195.964" classname="com.QStock.test.ShortOrderReAllocationPageTest"/>
  <system-out/>
</testsuite> <!-- com.QStock.test.ShortOrderReAllocationPageTest -->
