<?xml version="1.0" encoding="UTF-8"?>
<!-- Generated by org.testng.reporters.JUnitReportReporter -->
<testsuite hostname="DESKTOP-M2NN6CV" failures="0" tests="1" name="com.eDermx.Test.HomePageTest" time="145.169" errors="0" timestamp="2022-05-09T21:24:10 IST" skipped="0">
  <testcase classname="com.eDermx.Test.HomePageTest" name="LoginAction" time="145.169"/>
  <system-out/>
</testsuite> <!-- com.eDermx.Test.HomePageTest -->
