<?xml version="1.0" encoding="UTF-8"?>
<!-- Generated by org.testng.reporters.JUnitReportReporter -->
<testsuite hostname="DESKTOP-Q5LAQDP" failures="0" tests="1" name="com.Pathology.test.LoginPageTest" time="18.846" errors="0" timestamp="2023-07-07T16:53:02 IST" skipped="0">
  <testcase classname="com.Pathology.test.LoginPageTest" name="LoginModule" time="18.846"/>
  <system-out/>
</testsuite> <!-- com.Pathology.test.LoginPageTest -->
