<?xml version="1.0" encoding="UTF-8"?>
<!-- Generated by org.testng.reporters.JUnitReportReporter -->
<testsuite skipped="0" hostname="DESKTOP-PK39URG" name="com.QStock.test.SalesOrdersPageTest" tests="1" failures="0" timestamp="2022-12-05T12:52:55 IST" time="6.766" errors="0">
  <testcase name="salesOrders" time="6.766" classname="com.QStock.test.SalesOrdersPageTest"/>
  <system-out/>
</testsuite> <!-- com.QStock.test.SalesOrdersPageTest -->
