<?xml version="1.0" encoding="UTF-8"?>
<!-- Generated by org.testng.reporters.JUnitReportReporter -->
<testsuite skipped="0" hostname="DESKTOP-PK39URG" name="com.QStock.test.WebhooksPageTest" tests="1" failures="0" timestamp="2022-12-08T13:53:11 IST" time="8.195" errors="0">
  <testcase name="webhooks" time="8.195" classname="com.QStock.test.WebhooksPageTest"/>
  <system-out/>
</testsuite> <!-- com.QStock.test.WebhooksPageTest -->
