<?xml version="1.0" encoding="UTF-8"?>
<!-- Generated by org.testng.reporters.JUnitReportReporter -->
<testsuite skipped="0" hostname="DESKTOP-PK39URG" name="com.QStock.test.SettingSalesOrdersPageTest" tests="1" failures="0" timestamp="2022-12-08T13:53:11 IST" time="6.816" errors="0">
  <testcase name="salesOrders" time="6.816" classname="com.QStock.test.SettingSalesOrdersPageTest"/>
  <system-out/>
</testsuite> <!-- com.QStock.test.SettingSalesOrdersPageTest -->
