<?xml version="1.0" encoding="UTF-8"?>
<!-- Generated by org.testng.reporters.JUnitReportReporter -->
<testsuite hostname="Sam-Personal" failures="0" tests="1" name="com.vision.test.DashboardPageTest" time="155.103" errors="0" timestamp="2022-10-18T18:30:43 IST" skipped="0">
  <testcase classname="com.vision.test.DashboardPageTest" name="dashboardModule" time="155.103"/>
  <system-out/>
</testsuite> <!-- com.vision.test.DashboardPageTest -->
