<?xml version="1.0" encoding="UTF-8"?>
<!-- Generated by org.testng.reporters.JUnitReportReporter -->
<testsuite hostname="LAPTOP-4UAC0B5R" failures="0" tests="1" name="com.eDermx.Test.BillingPageTest" time="51.095" errors="0" timestamp="2022-05-22T17:12:51 IST" skipped="0">
  <testcase classname="com.eDermx.Test.BillingPageTest" name="LoginAction" time="51.095"/>
  <system-out/>
</testsuite> <!-- com.eDermx.Test.BillingPageTest -->
