<?xml version="1.0" encoding="UTF-8"?>
<!-- Generated by org.testng.reporters.JUnitReportReporter -->
<testsuite hostname="Sam-Personal" failures="0" tests="1" name="com.vision.test.ResourcesTest" time="2273.793" errors="0" timestamp="2022-10-18T18:30:43 IST" skipped="0">
  <testcase classname="com.vision.test.ResourcesTest" name="Resource" time="2273.793"/>
  <system-out/>
</testsuite> <!-- com.vision.test.ResourcesTest -->
