<?xml version="1.0" encoding="UTF-8"?>
<!-- Generated by org.testng.reporters.JUnitReportReporter -->
<testsuite hostname="DESKTOP-Q5LAQDP" failures="0" tests="1" name="com.UltimateQA.test.HomePageTest" time="6.704" errors="0" timestamp="2023-07-01T15:38:30 IST" skipped="0">
  <testcase classname="com.UltimateQA.test.HomePageTest" name="learningList" time="6.704"/>
  <system-out/>
</testsuite> <!-- com.UltimateQA.test.HomePageTest -->
