<?xml version="1.0" encoding="UTF-8"?>
<!-- Generated by org.testng.reporters.JUnitReportReporter -->
<testsuite hostname="DESKTOP-Q5LAQDP" failures="0" tests="1" name="com.Pathology.test.PatientsPageTest" time="64.079" errors="0" timestamp="2023-07-07T16:34:24 IST" skipped="0">
  <testcase classname="com.Pathology.test.PatientsPageTest" name="patientsPage" time="64.079"/>
  <system-out/>
</testsuite> <!-- com.Pathology.test.PatientsPageTest -->
