<?xml version="1.0" encoding="UTF-8"?>
<!-- Generated by org.testng.reporters.JUnitReportReporter -->
<testsuite skipped="0" hostname="DESKTOP-PK39URG" name="com.QStock.test.WarehouseTransferOrdersPageTest" tests="1" failures="0" timestamp="2023-01-13T16:14:32 IST" time="361.249" errors="0">
  <testcase name="WarehouseTransferOrders" time="361.249" classname="com.QStock.test.WarehouseTransferOrdersPageTest"/>
  <system-out/>
</testsuite> <!-- com.QStock.test.WarehouseTransferOrdersPageTest -->
