<?xml version="1.0" encoding="UTF-8"?>
<!-- Generated by org.testng.reporters.JUnitReportReporter -->
<testsuite hostname="DESKTOP-M2NN6CV" failures="0" tests="1" name="com.eDermx.Testcases.LoginTest" time="0.011" errors="0" timestamp="2022-04-21T14:08:49 IST" skipped="0">
  <testcase classname="com.eDermx.Testcases.LoginTest" name="loginTest" time="0.011"/>
  <system-out/>
</testsuite> <!-- com.eDermx.Testcases.LoginTest -->
