<?xml version="1.0" encoding="UTF-8"?>
<!-- Generated by org.testng.reporters.JUnitReportReporter -->
<testsuite skipped="0" hostname="DESKTOP-PK39URG" name="com.QStock.test.LabelsPageTest" tests="1" failures="0" timestamp="2022-12-08T13:53:11 IST" time="27.177" errors="0">
  <testcase name="labelsPage" time="27.177" classname="com.QStock.test.LabelsPageTest"/>
  <system-out/>
</testsuite> <!-- com.QStock.test.LabelsPageTest -->
