<?xml version="1.0" encoding="UTF-8"?>
<!-- Generated by org.testng.reporters.JUnitReportReporter -->
<testsuite skipped="0" hostname="DESKTOP-PK39URG" name="com.QStock.test.LanguagePageTest" tests="1" failures="0" timestamp="2022-12-08T13:53:11 IST" time="4.542" errors="0">
  <testcase name="Language" time="4.542" classname="com.QStock.test.LanguagePageTest"/>
  <system-out/>
</testsuite> <!-- com.QStock.test.LanguagePageTest -->
